<?xml version="1.0" encoding="UTF-8"?>
<testng-results ignored="0" total="2" passed="2" failed="0" skipped="0">
  <reporter-output>
  </reporter-output>
  <suite started-at="2023-03-06T13:15:13 IST" name="Default suite" finished-at="2023-03-06T13:15:21 IST" duration-ms="8170">
    <groups>
      <group name="cucumber">
        <method signature="AbstractTestNGCucumberTests.runScenario(io.cucumber.testng.PickleWrapper,io.cucumber.testng.FeatureWrapper)[pri:0, instance:cucumber.Options.TestRunner@38c6f217]" name="runScenario" class="io.cucumber.testng.AbstractTestNGCucumberTests"/>
      </group> <!-- cucumber -->
    </groups>
    <test started-at="2023-03-06T13:15:13 IST" name="Default test" finished-at="2023-03-06T13:15:21 IST" duration-ms="8170">
      <class name="cucumber.Options.TestRunner">
        <test-method is-config="true" signature="setUpClass(org.testng.ITestContext)[pri:0, instance:cucumber.Options.TestRunner@38c6f217]" started-at="2023-03-06T13:15:13 IST" name="setUpClass" finished-at="2023-03-06T13:15:14 IST" duration-ms="502" status="PASS">
          <params>
            <param index="0">
              <value>
                <![CDATA[org.testng.TestRunner@5c33008f]]>
              </value>
            </param>
          </params>
          <reporter-output>
          </reporter-output>
        </test-method> <!-- setUpClass -->
        <test-method signature="runScenario(io.cucumber.testng.PickleWrapper,io.cucumber.testng.FeatureWrapper)[pri:0, instance:cucumber.Options.TestRunner@38c6f217]" started-at="2023-03-06T13:15:14 IST" name="runScenario" description="Runs Cucumber Scenarios" data-provider="scenarios" finished-at="2023-03-06T13:15:20 IST" duration-ms="6276" status="PASS">
          <params>
            <param index="0">
              <value>
                <![CDATA["Verify if place added successfully using addPlace API"]]>
              </value>
            </param>
            <param index="1">
              <value>
                <![CDATA["Validating Place APIs"]]>
              </value>
            </param>
          </params>
          <reporter-output>
          </reporter-output>
        </test-method> <!-- runScenario -->
        <test-method signature="runScenario(io.cucumber.testng.PickleWrapper,io.cucumber.testng.FeatureWrapper)[pri:0, instance:cucumber.Options.TestRunner@38c6f217]" started-at="2023-03-06T13:15:20 IST" name="runScenario" description="Runs Cucumber Scenarios" data-provider="scenarios" finished-at="2023-03-06T13:15:21 IST" duration-ms="911" status="PASS">
          <params>
            <param index="0">
              <value>
                <![CDATA["Verify if delete place functionallity working"]]>
              </value>
            </param>
            <param index="1">
              <value>
                <![CDATA["Validating Place APIs"]]>
              </value>
            </param>
          </params>
          <reporter-output>
          </reporter-output>
        </test-method> <!-- runScenario -->
        <test-method is-config="true" signature="tearDownClass()[pri:0, instance:cucumber.Options.TestRunner@38c6f217]" started-at="2023-03-06T13:15:21 IST" name="tearDownClass" finished-at="2023-03-06T13:15:21 IST" duration-ms="388" status="PASS">
          <reporter-output>
          </reporter-output>
        </test-method> <!-- tearDownClass -->
      </class> <!-- cucumber.Options.TestRunner -->
    </test> <!-- Default test -->
  </suite> <!-- Default suite -->
</testng-results>
